INFO 2020-06-11 13:40:11,796 - Saved Abkhazia_0.1_10, 1 polygons.
INFO 2020-06-11 13:40:11,959 - Saved Abkhazia_1.5_None, 1 polygons.
INFO 2020-06-11 13:40:12,071 - Saved Afghanistan_0.1_10, 1 polygons.
INFO 2020-06-11 13:40:12,174 - Saved Afghanistan_1.5_None, 1 polygons.
INFO 2020-06-11 13:40:12,261 - Saved Akrotiri and Dhekelia_0.1_10, 3 polygons.
INFO 2020-06-11 13:40:12,363 - Saved Akrotiri and Dhekelia_1.5_None, 0 polygons.
INFO 2020-06-11 13:40:12,445 - Saved Albania_0.1_10, 1 polygons.
INFO 2020-06-11 13:40:12,534 - Saved Albania_1.5_None, 1 polygons.
INFO 2020-06-11 13:40:12,645 - Saved Algeria_0.1_10, 1 polygons.
INFO 2020-06-11 13:40:12,749 - Saved Algeria_1.5_None, 1 polygons.
INFO 2020-06-11 13:40:12,856 - Saved American Samoa_0.1_10, 5 polygons.
INFO 2020-06-11 13:40:12,969 - Saved American Samoa_1.5_None, 0 polygons.
INFO 2020-06-11 13:40:13,062 - Saved Andorra_0.1_10, 1 polygons.
INFO 2020-06-11 13:40:13,155 - Saved Andorra_1.5_None, 0 polygons.
INFO 2020-06-11 13:40:13,269 - Saved Angola_0.1_10, 3 polygons.
INFO 2020-06-11 13:40:13,389 - Saved Angola_1.5_None, 2 polygons.
INFO 2020-06-11 13:40:13,476 - Saved Anguilla_0.1_10, 2 polygons.
INFO 2020-06-11 13:40:13,550 - Saved Anguilla_1.5_None, 0 polygons.
INFO 2020-06-11 13:40:14,464 - Saved Antarctica_0.1_10, 179 polygons.
INFO 2020-06-11 13:40:15,409 - Saved Antarctica_1.5_None, 36 polygons.
INFO 2020-06-11 13:40:15,539 - Saved Antigua and Barbuda_0.1_10, 2 polygons.
INFO 2020-06-11 13:40:15,616 - Saved Antigua and Barbuda_1.5_None, 0 polygons.
INFO 2020-06-11 13:40:15,800 - Saved Argentina_0.1_10, 8 polygons.
INFO 2020-06-11 13:40:16,012 - Saved Argentina_1.5_None, 2 polygons.
INFO 2020-06-11 13:40:16,096 - Saved Armenia_0.1_10, 2 polygons.
INFO 2020-06-11 13:40:16,208 - Saved Armenia_1.5_None, 1 polygons.
INFO 2020-06-11 13:40:16,293 - Saved Aruba_0.1_10, 1 polygons.
INFO 2020-06-11 13:40:16,379 - Saved Aruba_1.5_None, 0 polygons.
INFO 2020-06-11 13:40:16,515 - Saved Ascension_0.1_10, 1 polygons.
INFO 2020-06-11 13:40:16,607 - Saved Ascension_1.5_None, 0 polygons.
INFO 2020-06-11 13:40:16,783 - Saved Ashmore and Cartier Islands_0.1_10, 1 polygons.
INFO 2020-06-11 13:40:16,933 - Saved Ashmore and Cartier Islands_1.5_None, 0 polygons.
INFO 2020-06-11 13:40:17,546 - Saved Australia_0.1_10, 94 polygons.
INFO 2020-06-11 13:40:18,074 - Saved Australia_1.5_None, 7 polygons.
INFO 2020-06-11 13:40:18,209 - Saved Austria_0.1_10, 1 polygons.
INFO 2020-06-11 13:40:18,327 - Saved Austria_1.5_None, 1 polygons.
INFO 2020-06-11 13:40:18,444 - Saved Azerbaijan_0.1_10, 6 polygons.
INFO 2020-06-11 13:40:18,583 - Saved Azerbaijan_1.5_None, 2 polygons.
INFO 2020-06-11 13:40:21,668 - Saved Azores_0.1_10, 379 polygons.
INFO 2020-06-11 13:40:24,784 - Saved Azores_1.5_None, 0 polygons.
INFO 2020-06-11 13:40:24,865 - Saved Bahrain_0.1_10, 1 polygons.
INFO 2020-06-11 13:40:24,944 - Saved Bahrain_1.5_None, 0 polygons.
INFO 2020-06-11 13:40:25,019 - Saved Bajo Nuevo Bank (Petrel Is.)_0.1_10, 1 polygons.
INFO 2020-06-11 13:40:25,099 - Saved Bajo Nuevo Bank (Petrel Is.)_1.5_None, 0 polygons.
INFO 2020-06-11 13:40:25,190 - Saved Bali_0.1_10, 1 polygons.
INFO 2020-06-11 13:40:25,286 - Saved Bali_1.5_None, 0 polygons.
INFO 2020-06-11 13:40:25,419 - Saved Bangladesh_0.1_10, 22 polygons.
INFO 2020-06-11 13:40:25,568 - Saved Bangladesh_1.5_None, 1 polygons.
INFO 2020-06-11 13:40:25,649 - Saved Barbados_0.1_10, 1 polygons.
INFO 2020-06-11 13:40:25,766 - Saved Barbados_1.5_None, 0 polygons.
INFO 2020-06-11 13:40:25,847 - Saved Baykonur Cosmodrome_0.1_10, 1 polygons.
INFO 2020-06-11 13:40:25,932 - Saved Baykonur Cosmodrome_1.5_None, 1 polygons.
INFO 2020-06-11 13:40:26,137 - Saved Belarus_0.1_10, 1 polygons.
INFO 2020-06-11 13:40:26,253 - Saved Belarus_1.5_None, 1 polygons.
INFO 2020-06-11 13:40:26,369 - Saved Belgium_0.1_10, 1 polygons.
INFO 2020-06-11 13:40:26,471 - Saved Belgium_1.5_None, 1 polygons.
INFO 2020-06-11 13:40:26,602 - Saved Belize_0.1_10, 10 polygons.
INFO 2020-06-11 13:40:26,712 - Saved Belize_1.5_None, 1 polygons.
INFO 2020-06-11 13:40:26,812 - Saved Benin_0.1_10, 1 polygons.
INFO 2020-06-11 13:40:26,896 - Saved Benin_1.5_None, 1 polygons.
INFO 2020-06-11 13:40:27,048 - Saved Bermuda_0.1_10, 2 polygons.
INFO 2020-06-11 13:40:27,145 - Saved Bermuda_1.5_None, 0 polygons.
INFO 2020-06-11 13:40:27,229 - Saved Bhutan_0.1_10, 1 polygons.
INFO 2020-06-11 13:40:27,319 - Saved Bhutan_1.5_None, 1 polygons.
INFO 2020-06-11 13:40:27,443 - Saved Bolivia_0.1_10, 1 polygons.
INFO 2020-06-11 13:40:27,570 - Saved Bolivia_1.5_None, 1 polygons.
INFO 2020-06-11 13:40:27,684 - Saved Bonaire_0.1_10, 1 polygons.
INFO 2020-06-11 13:40:27,780 - Saved Bonaire_1.5_None, 1 polygons.
INFO 2020-06-11 13:40:27,884 - Saved Bosnia and Herzegovina_0.1_10, 1 polygons.
INFO 2020-06-11 13:40:27,987 - Saved Bosnia and Herzegovina_1.5_None, 1 polygons.
INFO 2020-06-11 13:40:28,155 - Saved Botswana_0.1_10, 1 polygons.
INFO 2020-06-11 13:40:28,258 - Saved Botswana_1.5_None, 1 polygons.
INFO 2020-06-11 13:40:28,714 - Saved Brazil_0.1_10, 43 polygons.
INFO 2020-06-11 13:40:29,126 - Saved Brazil_1.5_None, 4 polygons.
INFO 2020-06-11 13:40:29,213 - Ring Self-intersection at or near point 1086.8637541904166 419.47042175680485
INFO 2020-06-11 13:40:29,217 - Saved British Indian Ocean Territory_0.1_10, 10 polygons.
INFO 2020-06-11 13:40:29,302 - Saved British Indian Ocean Territory_1.5_None, 0 polygons.
INFO 2020-06-11 13:40:29,375 - Saved British Virgin Islands_0.1_10, 6 polygons.
INFO 2020-06-11 13:40:29,454 - Saved British Virgin Islands_1.5_None, 0 polygons.
INFO 2020-06-11 13:40:29,556 - Saved Brunei_0.1_10, 2 polygons.
INFO 2020-06-11 13:40:29,641 - Saved Brunei_1.5_None, 1 polygons.
INFO 2020-06-11 13:40:29,753 - Saved Bulgaria_0.1_10, 1 polygons.
INFO 2020-06-11 13:40:29,839 - Saved Bulgaria_1.5_None, 1 polygons.
INFO 2020-06-11 13:40:29,941 - Saved Burkina Faso_0.1_10, 1 polygons.
INFO 2020-06-11 13:40:30,038 - Saved Burkina Faso_1.5_None, 1 polygons.
INFO 2020-06-11 13:40:30,125 - Saved Burundi_0.1_10, 1 polygons.
INFO 2020-06-11 13:40:30,203 - Saved Burundi_1.5_None, 1 polygons.
INFO 2020-06-11 13:40:30,316 - Saved Cambodia_0.1_10, 6 polygons.
INFO 2020-06-11 13:40:30,416 - Saved Cambodia_1.5_None, 1 polygons.
INFO 2020-06-11 13:40:30,561 - Saved Cameroon_0.1_10, 1 polygons.
INFO 2020-06-11 13:40:30,670 - Saved Cameroon_1.5_None, 1 polygons.
INFO 2020-06-11 13:40:32,292 - Self-intersection at or near point 236.60668316831109 87.208635391553528
INFO 2020-06-11 13:40:32,619 - Self-intersection at or near point 434.54575432779279 83.785335969306303
INFO 2020-06-11 13:40:32,959 - Saved Canada_0.1_10, 410 polygons.
INFO 2020-06-11 13:40:35,235 - Saved Canada_1.5_None, 58 polygons.
INFO 2020-06-11 13:40:38,855 - Saved Canary Islands_0.1_10, 123 polygons.
INFO 2020-06-11 13:40:41,739 - Saved Canary Islands_1.5_None, 2 polygons.
INFO 2020-06-11 13:40:41,836 - Saved Cape Verde_0.1_10, 9 polygons.
INFO 2020-06-11 13:40:41,934 - Saved Cape Verde_1.5_None, 0 polygons.
INFO 2020-06-11 13:40:42,019 - Saved Cayman Islands_0.1_10, 3 polygons.
INFO 2020-06-11 13:40:42,113 - Saved Cayman Islands_1.5_None, 0 polygons.
INFO 2020-06-11 13:40:42,281 - Saved Central African Republic_0.1_10, 1 polygons.
INFO 2020-06-11 13:40:42,402 - Saved Central African Republic_1.5_None, 1 polygons.
INFO 2020-06-11 13:40:42,521 - Saved Ceuta_0.1_10, 3 polygons.
INFO 2020-06-11 13:40:42,643 - Saved Ceuta_1.5_None, 0 polygons.
INFO 2020-06-11 13:40:42,753 - Saved Chad_0.1_10, 1 polygons.
INFO 2020-06-11 13:40:42,879 - Saved Chad_1.5_None, 1 polygons.
INFO 2020-06-11 13:40:43,616 - Self-intersection at or near point 457.0183161860366 601.25950449360801
INFO 2020-06-11 13:40:43,648 - Saved Chile_0.1_10, 163 polygons.
INFO 2020-06-11 13:40:44,336 - Saved Chile_1.5_None, 11 polygons.
INFO 2020-06-11 13:40:44,905 - Saved China_0.1_10, 70 polygons.
INFO 2020-06-11 13:40:45,551 - Saved China_1.5_None, 2 polygons.
INFO 2020-06-11 13:40:45,656 - Saved Christmas Island_0.1_10, 1 polygons.
INFO 2020-06-11 13:40:45,904 - Saved Christmas Island_1.5_None, 1 polygons.
INFO 2020-06-11 13:40:46,126 - Saved Clipperton Island_0.1_10, 1 polygons.
INFO 2020-06-11 13:40:46,259 - Saved Clipperton Island_1.5_None, 0 polygons.
INFO 2020-06-11 13:40:46,419 - Saved Cocos (Keeling) Islands_0.1_10, 1 polygons.
INFO 2020-06-11 13:40:46,604 - Saved Cocos (Keeling) Islands_1.5_None, 1 polygons.
INFO 2020-06-11 13:40:46,899 - Saved Colombia_0.1_10, 11 polygons.
INFO 2020-06-11 13:40:47,135 - Saved Colombia_1.5_None, 1 polygons.
INFO 2020-06-11 13:40:47,234 - Saved Comoros_0.1_10, 3 polygons.
INFO 2020-06-11 13:40:47,335 - Saved Comoros_1.5_None, 0 polygons.
INFO 2020-06-11 13:40:47,428 - Saved Cook Islands_0.1_10, 13 polygons.
INFO 2020-06-11 13:40:47,558 - Saved Cook Islands_1.5_None, 0 polygons.
INFO 2020-06-11 13:40:47,640 - Saved Coral Sea_0.1_10, 1 polygons.
INFO 2020-06-11 13:40:47,758 - Saved Coral Sea_1.5_None, 0 polygons.
INFO 2020-06-11 13:40:51,888 - Self-intersection at or near point 815.32820190540315 208.56995744290015
INFO 2020-06-11 13:40:52,167 - Saved Corsica_0.1_10, 184 polygons.
INFO 2020-06-11 13:40:56,837 - Saved Corsica_1.5_None, 1 polygons.
INFO 2020-06-11 13:40:56,939 - Saved Costa Rica_0.1_10, 4 polygons.
INFO 2020-06-11 13:40:57,055 - Saved Costa Rica_1.5_None, 1 polygons.
INFO 2020-06-11 13:40:57,227 - Saved Croatia_0.1_10, 25 polygons.
INFO 2020-06-11 13:40:57,379 - Saved Croatia_1.5_None, 1 polygons.
INFO 2020-06-11 13:40:57,526 - Saved Cuba_0.1_10, 41 polygons.
INFO 2020-06-11 13:40:57,720 - Saved Cuba_1.5_None, 2 polygons.
INFO 2020-06-11 13:40:57,804 - Saved Curaçao_0.1_10, 1 polygons.
INFO 2020-06-11 13:40:57,891 - Saved Curaçao_1.5_None, 0 polygons.
INFO 2020-06-11 13:40:58,059 - Saved Cyprus No Mans Area_0.1_10, 3 polygons.
INFO 2020-06-11 13:40:58,179 - Saved Cyprus No Mans Area_1.5_None, 0 polygons.
INFO 2020-06-11 13:40:58,343 - Saved Cyprus_0.1_10, 4 polygons.
INFO 2020-06-11 13:40:58,445 - Saved Cyprus_1.5_None, 1 polygons.
INFO 2020-06-11 13:40:58,606 - Saved Czech Republic_0.1_10, 1 polygons.
INFO 2020-06-11 13:40:58,701 - Saved Czech Republic_1.5_None, 1 polygons.
INFO 2020-06-11 13:40:58,858 - Saved Democratic Republic of the Congo_0.1_10, 2 polygons.
INFO 2020-06-11 13:40:58,998 - Saved Democratic Republic of the Congo_1.5_None, 1 polygons.
INFO 2020-06-11 13:40:59,150 - Saved Denmark_0.1_10, 15 polygons.
INFO 2020-06-11 13:40:59,289 - Saved Denmark_1.5_None, 4 polygons.
INFO 2020-06-11 13:40:59,379 - Saved Djibouti_0.1_10, 1 polygons.
INFO 2020-06-11 13:40:59,465 - Saved Djibouti_1.5_None, 1 polygons.
INFO 2020-06-11 13:40:59,552 - Saved Dominica_0.1_10, 1 polygons.
INFO 2020-06-11 13:40:59,649 - Saved Dominica_1.5_None, 0 polygons.
INFO 2020-06-11 13:40:59,743 - Saved Dominican Republic_0.1_10, 3 polygons.
INFO 2020-06-11 13:40:59,875 - Saved Dominican Republic_1.5_None, 1 polygons.
INFO 2020-06-11 13:40:59,965 - Saved East Timor_0.1_10, 3 polygons.
INFO 2020-06-11 13:41:00,055 - Saved East Timor_1.5_None, 1 polygons.
INFO 2020-06-11 13:41:00,294 - Saved Easter Island_0.1_10, 7 polygons.
INFO 2020-06-11 13:41:00,457 - Saved Easter Island_1.5_None, 0 polygons.
INFO 2020-06-11 13:41:00,573 - Saved Ecuador_0.1_10, 16 polygons.
INFO 2020-06-11 13:41:00,715 - Saved Ecuador_1.5_None, 2 polygons.
INFO 2020-06-11 13:41:00,850 - Saved Egypt_0.1_10, 8 polygons.
INFO 2020-06-11 13:41:00,977 - Saved Egypt_1.5_None, 1 polygons.
INFO 2020-06-11 13:41:01,068 - Saved El Salvador_0.1_10, 3 polygons.
INFO 2020-06-11 13:41:01,200 - Saved El Salvador_1.5_None, 1 polygons.
INFO 2020-06-11 13:41:03,733 - Saved England_0.1_10, 1 polygons.
INFO 2020-06-11 13:41:06,294 - Saved England_1.5_None, 1 polygons.
INFO 2020-06-11 13:41:06,383 - Saved Equatorial Guinea_0.1_10, 3 polygons.
INFO 2020-06-11 13:41:06,473 - Saved Equatorial Guinea_1.5_None, 1 polygons.
INFO 2020-06-11 13:41:06,595 - Saved Eritrea_0.1_10, 3 polygons.
INFO 2020-06-11 13:41:06,701 - Saved Eritrea_1.5_None, 1 polygons.
INFO 2020-06-11 13:41:06,817 - Saved Estonia_0.1_10, 8 polygons.
INFO 2020-06-11 13:41:06,931 - Saved Estonia_1.5_None, 3 polygons.
INFO 2020-06-11 13:41:07,024 - Saved Eswatini_0.1_10, 1 polygons.
INFO 2020-06-11 13:41:07,144 - Saved Eswatini_1.5_None, 1 polygons.
INFO 2020-06-11 13:41:07,259 - Saved Ethiopia_0.1_10, 1 polygons.
INFO 2020-06-11 13:41:07,369 - Saved Ethiopia_1.5_None, 1 polygons.
INFO 2020-06-11 13:41:07,548 - Saved Europe_0.1_10, 1 polygons.
INFO 2020-06-11 13:41:07,658 - Saved Europe_1.5_None, 0 polygons.
INFO 2020-06-11 13:41:07,797 - Saved Falkland Islands_0.1_10, 15 polygons.
INFO 2020-06-11 13:41:07,928 - Saved Falkland Islands_1.5_None, 2 polygons.
INFO 2020-06-11 13:41:08,050 - Saved Faroe Islands_0.1_10, 11 polygons.
INFO 2020-06-11 13:41:08,176 - Saved Faroe Islands_1.5_None, 0 polygons.
INFO 2020-06-11 13:41:08,279 - Saved Federated States of Micronesia_0.1_10, 20 polygons.
INFO 2020-06-11 13:41:08,398 - Saved Federated States of Micronesia_1.5_None, 0 polygons.
INFO 2020-06-11 13:41:08,529 - Self-intersection at or near point 6.0791694276085675 469.83915477976717
INFO 2020-06-11 13:41:08,563 - Saved Fiji_0.1_10, 44 polygons.
INFO 2020-06-11 13:41:08,738 - Saved Fiji_1.5_None, 2 polygons.
INFO 2020-06-11 13:41:08,927 - Saved Finland_0.1_10, 42 polygons.
INFO 2020-06-11 13:41:09,140 - Saved Finland_1.5_None, 1 polygons.
INFO 2020-06-11 13:41:09,349 - Saved France_0.1_10, 21 polygons.
INFO 2020-06-11 13:41:09,553 - Saved France_1.5_None, 4 polygons.
INFO 2020-06-11 13:41:10,014 - Saved French Guiana_0.1_10, 16 polygons.
INFO 2020-06-11 13:41:10,335 - Saved French Guiana_1.5_None, 1 polygons.
INFO 2020-06-11 13:41:10,468 - Saved French Polynesia_0.1_10, 88 polygons.
INFO 2020-06-11 13:41:10,719 - Saved French Polynesia_1.5_None, 0 polygons.
INFO 2020-06-11 13:41:10,816 - Saved French Southern and Antarctic Lands_0.1_10, 18 polygons.
INFO 2020-06-11 13:41:10,936 - Saved French Southern and Antarctic Lands_1.5_None, 1 polygons.
INFO 2020-06-11 13:41:11,055 - Saved Gabon_0.1_10, 3 polygons.
INFO 2020-06-11 13:41:11,175 - Saved Gabon_1.5_None, 1 polygons.
INFO 2020-06-11 13:41:11,271 - Saved Georgia_0.1_10, 1 polygons.
INFO 2020-06-11 13:41:11,404 - Saved Georgia_1.5_None, 1 polygons.
INFO 2020-06-11 13:41:11,594 - Saved Germany_0.1_10, 22 polygons.
INFO 2020-06-11 13:41:11,901 - Saved Germany_1.5_None, 1 polygons.
INFO 2020-06-11 13:41:12,022 - Saved Ghana_0.1_10, 1 polygons.
INFO 2020-06-11 13:41:12,118 - Saved Ghana_1.5_None, 1 polygons.
INFO 2020-06-11 13:41:12,196 - Saved Gibraltar_0.1_10, 1 polygons.
INFO 2020-06-11 13:41:12,280 - Saved Gibraltar_1.5_None, 0 polygons.
INFO 2020-06-11 13:41:12,534 - Saved Greece_0.1_10, 74 polygons.
INFO 2020-06-11 13:41:12,891 - Saved Greece_1.5_None, 5 polygons.
INFO 2020-06-11 13:41:13,679 - Self-intersection at or near point 556.71231762299158 107.92136648733369
INFO 2020-06-11 13:41:13,727 - Saved Greenland_0.1_10, 128 polygons.
INFO 2020-06-11 13:41:14,641 - Self-intersection at or near point 659.61947161849503 79.430499891129571
INFO 2020-06-11 13:41:14,648 - Saved Greenland_1.5_None, 13 polygons.
INFO 2020-06-11 13:41:14,754 - Saved Grenada_0.1_10, 2 polygons.
INFO 2020-06-11 13:41:14,841 - Saved Grenada_1.5_None, 0 polygons.
INFO 2020-06-11 13:41:16,295 - Saved Guadeloupe_0.1_10, 69 polygons.
INFO 2020-06-11 13:41:17,612 - Saved Guadeloupe_1.5_None, 0 polygons.
INFO 2020-06-11 13:41:17,689 - Saved Guam_0.1_10, 1 polygons.
INFO 2020-06-11 13:41:17,782 - Saved Guam_1.5_None, 0 polygons.
INFO 2020-06-11 13:41:17,877 - Saved Guatemala_0.1_10, 1 polygons.
INFO 2020-06-11 13:41:17,972 - Saved Guatemala_1.5_None, 1 polygons.
INFO 2020-06-11 13:41:18,064 - Saved Guernsey_0.1_10, 4 polygons.
INFO 2020-06-11 13:41:18,197 - Saved Guernsey_1.5_None, 0 polygons.
INFO 2020-06-11 13:41:18,312 - Saved Guinea-Bissau_0.1_10, 13 polygons.
INFO 2020-06-11 13:41:18,496 - Saved Guinea-Bissau_1.5_None, 1 polygons.
INFO 2020-06-11 13:41:18,621 - Saved Guinea_0.1_10, 1 polygons.
INFO 2020-06-11 13:41:18,757 - Saved Guinea_1.5_None, 1 polygons.
INFO 2020-06-11 13:41:18,873 - Saved Guyana_0.1_10, 2 polygons.
INFO 2020-06-11 13:41:18,990 - Saved Guyana_1.5_None, 1 polygons.
INFO 2020-06-11 13:41:19,093 - Saved Haiti_0.1_10, 5 polygons.
INFO 2020-06-11 13:41:19,198 - Saved Haiti_1.5_None, 1 polygons.
INFO 2020-06-11 13:41:19,280 - Saved Heard Island and McDonald Islands_0.1_10, 1 polygons.
INFO 2020-06-11 13:41:19,360 - Saved Heard Island and McDonald Islands_1.5_None, 0 polygons.
INFO 2020-06-11 13:41:19,485 - Saved Honduras_0.1_10, 7 polygons.
INFO 2020-06-11 13:41:19,594 - Saved Honduras_1.5_None, 1 polygons.
INFO 2020-06-11 13:41:19,688 - Saved Hong Kong_0.1_10, 4 polygons.
INFO 2020-06-11 13:41:19,817 - Saved Hong Kong_1.5_None, 0 polygons.
INFO 2020-06-11 13:41:19,918 - Saved Hungary_0.1_10, 1 polygons.
INFO 2020-06-11 13:41:20,027 - Saved Hungary_1.5_None, 1 polygons.
INFO 2020-06-11 13:41:20,201 - Saved Iceland_0.1_10, 5 polygons.
INFO 2020-06-11 13:41:20,343 - Saved Iceland_1.5_None, 1 polygons.
INFO 2020-06-11 13:41:20,672 - Saved India_0.1_10, 35 polygons.
INFO 2020-06-11 13:41:20,985 - Saved India_1.5_None, 2 polygons.
INFO 2020-06-11 13:41:21,110 - Saved Indian Ocean Territories_0.1_10, 3 polygons.
INFO 2020-06-11 13:41:21,196 - Saved Indian Ocean Territories_1.5_None, 0 polygons.
INFO 2020-06-11 13:41:21,825 - Saved Indonesia_0.1_10, 264 polygons.
INFO 2020-06-11 13:41:22,700 - Saved Indonesia_1.5_None, 36 polygons.
INFO 2020-06-11 13:41:22,946 - Self-intersection at or near point 985.7852481188113 256.66379237012956
INFO 2020-06-11 13:41:22,954 - Saved Iran_0.1_10, 12 polygons.
INFO 2020-06-11 13:41:23,116 - Saved Iran_1.5_None, 1 polygons.
INFO 2020-06-11 13:41:23,230 - Saved Iraq_0.1_10, 1 polygons.
INFO 2020-06-11 13:41:23,326 - Saved Iraq_1.5_None, 1 polygons.
INFO 2020-06-11 13:41:23,466 - Saved Ireland_0.1_10, 7 polygons.
INFO 2020-06-11 13:41:23,619 - Saved Ireland_1.5_None, 1 polygons.
INFO 2020-06-11 13:41:23,712 - Saved Isle of Man_0.1_10, 1 polygons.
INFO 2020-06-11 13:41:23,806 - Saved Isle of Man_1.5_None, 0 polygons.
INFO 2020-06-11 13:41:23,903 - Saved Israel_0.1_10, 1 polygons.
INFO 2020-06-11 13:41:24,000 - Saved Israel_1.5_None, 1 polygons.
INFO 2020-06-11 13:41:24,192 - Saved Italy_0.1_10, 29 polygons.
INFO 2020-06-11 13:41:24,427 - Saved Italy_1.5_None, 3 polygons.
INFO 2020-06-11 13:41:24,556 - Saved Ivory Coast_0.1_10, 2 polygons.
INFO 2020-06-11 13:41:24,677 - Saved Ivory Coast_1.5_None, 1 polygons.
INFO 2020-06-11 13:41:24,766 - Saved Jamaica_0.1_10, 1 polygons.
INFO 2020-06-11 13:41:24,857 - Saved Jamaica_1.5_None, 1 polygons.
INFO 2020-06-11 13:41:25,137 - Saved Japan_0.1_10, 109 polygons.
INFO 2020-06-11 13:41:25,521 - Saved Japan_1.5_None, 4 polygons.
INFO 2020-06-11 13:41:25,625 - Saved Jersey_0.1_10, 1 polygons.
INFO 2020-06-11 13:41:25,715 - Saved Jersey_1.5_None, 0 polygons.
INFO 2020-06-11 13:41:25,845 - Saved Jordan_0.1_10, 1 polygons.
INFO 2020-06-11 13:41:25,931 - Saved Jordan_1.5_None, 1 polygons.
INFO 2020-06-11 13:41:26,220 - Saved Kaliningrad Oblast_0.1_10, 1 polygons.
INFO 2020-06-11 13:41:26,471 - Saved Kaliningrad Oblast_1.5_None, 1 polygons.
INFO 2020-06-11 13:41:26,683 - Saved Kazakhstan_0.1_10, 6 polygons.
INFO 2020-06-11 13:41:26,870 - Saved Kazakhstan_1.5_None, 1 polygons.
INFO 2020-06-11 13:41:26,983 - Saved Kenya_0.1_10, 2 polygons.
INFO 2020-06-11 13:41:27,083 - Saved Kenya_1.5_None, 1 polygons.
INFO 2020-06-11 13:41:27,214 - Self-intersection at or near point 1532.5398085375646 393.0470367910346
INFO 2020-06-11 13:41:27,216 - Self-intersection at or near point 1526.2938278889351 390.84250249315522
INFO 2020-06-11 13:41:27,218 - Self-intersection at or near point 1520.0620104365864 383.61827383822038
INFO 2020-06-11 13:41:27,229 - Saved Kiribati_0.1_10, 35 polygons.
INFO 2020-06-11 13:41:27,391 - Saved Kiribati_1.5_None, 0 polygons.
INFO 2020-06-11 13:41:27,477 - Saved Kosovo_0.1_10, 1 polygons.
INFO 2020-06-11 13:41:27,574 - Saved Kosovo_1.5_None, 1 polygons.
INFO 2020-06-11 13:41:27,674 - Saved Kuwait_0.1_10, 4 polygons.
INFO 2020-06-11 13:41:27,771 - Saved Kuwait_1.5_None, 1 polygons.
INFO 2020-06-11 13:41:27,917 - Saved Kyrgyzstan_0.1_10, 4 polygons.
INFO 2020-06-11 13:41:28,022 - Saved Kyrgyzstan_1.5_None, 1 polygons.
INFO 2020-06-11 13:41:28,157 - Saved Laos_0.1_10, 1 polygons.
INFO 2020-06-11 13:41:28,271 - Saved Laos_1.5_None, 1 polygons.
INFO 2020-06-11 13:41:28,369 - Saved Latvia_0.1_10, 1 polygons.
INFO 2020-06-11 13:41:28,477 - Saved Latvia_1.5_None, 1 polygons.
INFO 2020-06-11 13:41:28,606 - Saved Lebanon_0.1_10, 1 polygons.
INFO 2020-06-11 13:41:28,696 - Saved Lebanon_1.5_None, 1 polygons.
INFO 2020-06-11 13:41:28,789 - Saved Lesotho_0.1_10, 1 polygons.
INFO 2020-06-11 13:41:28,885 - Saved Lesotho_1.5_None, 1 polygons.
INFO 2020-06-11 13:41:29,011 - Saved Liberia_0.1_10, 1 polygons.
INFO 2020-06-11 13:41:29,104 - Saved Liberia_1.5_None, 1 polygons.
INFO 2020-06-11 13:41:29,200 - Saved Libya_0.1_10, 1 polygons.
INFO 2020-06-11 13:41:29,302 - Saved Libya_1.5_None, 1 polygons.
INFO 2020-06-11 13:41:29,393 - Saved Liechtenstein_0.1_10, 1 polygons.
INFO 2020-06-11 13:41:29,479 - Saved Liechtenstein_1.5_None, 0 polygons.
INFO 2020-06-11 13:41:29,588 - Saved Lithuania_0.1_10, 2 polygons.
INFO 2020-06-11 13:41:29,727 - Saved Lithuania_1.5_None, 1 polygons.
INFO 2020-06-11 13:41:29,816 - Saved Luxembourg_0.1_10, 1 polygons.
INFO 2020-06-11 13:41:29,907 - Saved Luxembourg_1.5_None, 1 polygons.
INFO 2020-06-11 13:41:29,998 - Saved Macau_0.1_10, 2 polygons.
INFO 2020-06-11 13:41:30,104 - Saved Macau_1.5_None, 0 polygons.
INFO 2020-06-11 13:41:30,191 - Saved Macedonia_0.1_10, 1 polygons.
INFO 2020-06-11 13:41:30,290 - Saved Macedonia_1.5_None, 1 polygons.
INFO 2020-06-11 13:41:30,424 - Saved Madagascar_0.1_10, 3 polygons.
INFO 2020-06-11 13:41:30,547 - Saved Madagascar_1.5_None, 1 polygons.
INFO 2020-06-11 13:41:32,544 - Self-intersection at or near point 702.96900761929123 246.48839372386939
INFO 2020-06-11 13:41:32,800 - Saved Madeira_0.1_10, 480 polygons.
INFO 2020-06-11 13:41:35,325 - Saved Madeira_1.5_None, 0 polygons.
INFO 2020-06-11 13:41:35,426 - Saved Malawi_0.1_10, 3 polygons.
INFO 2020-06-11 13:41:35,571 - Saved Malawi_1.5_None, 1 polygons.
INFO 2020-06-11 13:41:35,724 - Saved Malaysia_0.1_10, 17 polygons.
INFO 2020-06-11 13:41:35,890 - Saved Malaysia_1.5_None, 2 polygons.
INFO 2020-06-11 13:41:36,056 - Saved Maldives_0.1_10, 176 polygons.
INFO 2020-06-11 13:41:36,478 - Saved Maldives_1.5_None, 0 polygons.
INFO 2020-06-11 13:41:36,604 - Saved Mali_0.1_10, 1 polygons.
INFO 2020-06-11 13:41:36,729 - Saved Mali_1.5_None, 1 polygons.
INFO 2020-06-11 13:41:36,824 - Saved Malta_0.1_10, 2 polygons.
INFO 2020-06-11 13:41:36,920 - Saved Malta_1.5_None, 0 polygons.
INFO 2020-06-11 13:41:37,023 - Saved Marshall Islands_0.1_10, 22 polygons.
INFO 2020-06-11 13:41:37,185 - Saved Marshall Islands_1.5_None, 0 polygons.
INFO 2020-06-11 13:41:37,996 - Saved Martinique_0.1_10, 53 polygons.
INFO 2020-06-11 13:41:38,788 - Saved Martinique_1.5_None, 0 polygons.
INFO 2020-06-11 13:41:38,925 - Saved Mauritania_0.1_10, 5 polygons.
INFO 2020-06-11 13:41:39,039 - Saved Mauritania_1.5_None, 1 polygons.
INFO 2020-06-11 13:41:39,130 - Saved Mauritius_0.1_10, 3 polygons.
INFO 2020-06-11 13:41:39,215 - Saved Mauritius_1.5_None, 0 polygons.
INFO 2020-06-11 13:41:40,067 - Saved Mayotte_0.1_10, 57 polygons.
INFO 2020-06-11 13:41:40,898 - Saved Mayotte_1.5_None, 0 polygons.
INFO 2020-06-11 13:41:40,996 - Saved Melilla_0.1_10, 1 polygons.
INFO 2020-06-11 13:41:41,099 - Saved Melilla_1.5_None, 0 polygons.
INFO 2020-06-11 13:41:41,400 - Saved Mexico_0.1_10, 51 polygons.
INFO 2020-06-11 13:41:41,720 - Saved Mexico_1.5_None, 1 polygons.
INFO 2020-06-11 13:41:42,053 - Saved Micronesia_0.1_10, 32 polygons.
INFO 2020-06-11 13:41:42,403 - Saved Micronesia_1.5_None, 12 polygons.
INFO 2020-06-11 13:41:42,520 - Saved Moldova_0.1_10, 1 polygons.
INFO 2020-06-11 13:41:42,631 - Saved Moldova_1.5_None, 1 polygons.
INFO 2020-06-11 13:41:42,730 - Saved Monaco_0.1_10, 1 polygons.
INFO 2020-06-11 13:41:42,821 - Saved Monaco_1.5_None, 0 polygons.
INFO 2020-06-11 13:41:42,941 - Saved Mongolia_0.1_10, 1 polygons.
INFO 2020-06-11 13:41:43,055 - Saved Mongolia_1.5_None, 1 polygons.
INFO 2020-06-11 13:41:43,150 - Saved Montenegro_0.1_10, 1 polygons.
INFO 2020-06-11 13:41:43,256 - Saved Montenegro_1.5_None, 1 polygons.
INFO 2020-06-11 13:41:43,338 - Saved Montserrat_0.1_10, 1 polygons.
INFO 2020-06-11 13:41:43,436 - Saved Montserrat_1.5_None, 0 polygons.
INFO 2020-06-11 13:41:43,579 - Saved Morocco_0.1_10, 1 polygons.
INFO 2020-06-11 13:41:43,689 - Saved Morocco_1.5_None, 1 polygons.
INFO 2020-06-11 13:41:43,864 - Saved Mozambique_0.1_10, 4 polygons.
INFO 2020-06-11 13:41:43,998 - Saved Mozambique_1.5_None, 1 polygons.
INFO 2020-06-11 13:41:44,214 - Saved Myanmar_0.1_10, 39 polygons.
INFO 2020-06-11 13:41:44,460 - Saved Myanmar_1.5_None, 1 polygons.
INFO 2020-06-11 13:41:44,575 - Saved Namibia_0.1_10, 1 polygons.
INFO 2020-06-11 13:41:44,686 - Saved Namibia_1.5_None, 1 polygons.
INFO 2020-06-11 13:41:44,774 - Saved Nauru_0.1_10, 1 polygons.
INFO 2020-06-11 13:41:44,859 - Saved Nauru_1.5_None, 0 polygons.
INFO 2020-06-11 13:41:45,004 - Saved Nepal_0.1_10, 1 polygons.
INFO 2020-06-11 13:41:45,111 - Saved Nepal_1.5_None, 1 polygons.
INFO 2020-06-11 13:41:45,225 - Saved Netherlands_0.1_10, 12 polygons.
INFO 2020-06-11 13:41:45,362 - Saved Netherlands_1.5_None, 1 polygons.
INFO 2020-06-11 13:41:45,482 - Saved New Caledonia_0.1_10, 11 polygons.
INFO 2020-06-11 13:41:45,602 - Saved New Caledonia_1.5_None, 1 polygons.
INFO 2020-06-11 13:41:45,800 - Saved New Zealand_0.1_10, 25 polygons.
INFO 2020-06-11 13:41:46,011 - Saved New Zealand_1.5_None, 3 polygons.
INFO 2020-06-11 13:41:46,126 - Saved Nicaragua_0.1_10, 4 polygons.
INFO 2020-06-11 13:41:46,229 - Saved Nicaragua_1.5_None, 1 polygons.
INFO 2020-06-11 13:41:46,378 - Saved Niger_0.1_10, 1 polygons.
INFO 2020-06-11 13:41:46,506 - Saved Niger_1.5_None, 1 polygons.
INFO 2020-06-11 13:41:46,641 - Saved Nigeria_0.1_10, 3 polygons.
INFO 2020-06-11 13:41:46,763 - Saved Nigeria_1.5_None, 1 polygons.
INFO 2020-06-11 13:41:46,848 - Saved Niue_0.1_10, 1 polygons.
INFO 2020-06-11 13:41:46,942 - Saved Niue_1.5_None, 0 polygons.
INFO 2020-06-11 13:41:47,035 - Saved Norfolk Island_0.1_10, 1 polygons.
INFO 2020-06-11 13:41:47,129 - Saved Norfolk Island_1.5_None, 0 polygons.
INFO 2020-06-11 13:41:47,261 - Saved North Korea_0.1_10, 10 polygons.
INFO 2020-06-11 13:41:47,399 - Saved North Korea_1.5_None, 1 polygons.
INFO 2020-06-11 13:41:48,171 - Saved North Macedonia_0.1_10, 1 polygons.
INFO 2020-06-11 13:41:48,782 - Saved North Macedonia_1.5_None, 1 polygons.
INFO 2020-06-11 13:41:48,880 - Saved Northern Cyprus_0.1_10, 2 polygons.
INFO 2020-06-11 13:41:48,979 - Saved Northern Cyprus_1.5_None, 1 polygons.
INFO 2020-06-11 13:41:49,752 - Saved Northern Ireland_0.1_10, 1 polygons.
INFO 2020-06-11 13:41:50,381 - Saved Northern Ireland_1.5_None, 1 polygons.
INFO 2020-06-11 13:41:50,471 - Saved Northern Mariana Islands_0.1_10, 12 polygons.
INFO 2020-06-11 13:41:50,571 - Saved Northern Mariana Islands_1.5_None, 0 polygons.
INFO 2020-06-11 13:41:51,113 - Saved Norway_0.1_10, 120 polygons.
INFO 2020-06-11 13:41:51,749 - Saved Norway_1.5_None, 10 polygons.
INFO 2020-06-11 13:41:51,875 - Saved Oman_0.1_10, 6 polygons.
INFO 2020-06-11 13:41:51,983 - Saved Oman_1.5_None, 1 polygons.
INFO 2020-06-11 13:41:52,120 - Saved Pakistan_0.1_10, 2 polygons.
INFO 2020-06-11 13:41:52,253 - Saved Pakistan_1.5_None, 1 polygons.
INFO 2020-06-11 13:41:52,350 - Saved Palau_0.1_10, 9 polygons.
INFO 2020-06-11 13:41:52,454 - Saved Palau_1.5_None, 0 polygons.
INFO 2020-06-11 13:41:52,538 - Saved Palestine_0.1_10, 2 polygons.
INFO 2020-06-11 13:41:52,649 - Saved Palestine_1.5_None, 1 polygons.
INFO 2020-06-11 13:41:52,832 - Saved Panama_0.1_10, 15 polygons.
INFO 2020-06-11 13:41:52,969 - Saved Panama_1.5_None, 1 polygons.
INFO 2020-06-11 13:41:53,185 - Saved Papua New Guinea_0.1_10, 58 polygons.
INFO 2020-06-11 13:41:53,445 - Saved Papua New Guinea_1.5_None, 4 polygons.
INFO 2020-06-11 13:41:53,568 - Saved Paraguay_0.1_10, 1 polygons.
INFO 2020-06-11 13:41:53,668 - Saved Paraguay_1.5_None, 1 polygons.
INFO 2020-06-11 13:41:53,808 - Saved Peru_0.1_10, 5 polygons.
INFO 2020-06-11 13:41:53,948 - Saved Peru_1.5_None, 1 polygons.
INFO 2020-06-11 13:41:54,261 - Saved Philippines_0.1_10, 96 polygons.
INFO 2020-06-11 13:41:54,667 - Saved Philippines_1.5_None, 11 polygons.
INFO 2020-06-11 13:41:54,775 - Saved Pitcairn Islands_0.1_10, 4 polygons.
INFO 2020-06-11 13:41:54,858 - Saved Pitcairn Islands_1.5_None, 0 polygons.
INFO 2020-06-11 13:41:54,971 - Saved Poland_0.1_10, 1 polygons.
INFO 2020-06-11 13:41:55,086 - Saved Poland_1.5_None, 1 polygons.
INFO 2020-06-11 13:41:55,208 - Saved Portugal_0.1_10, 17 polygons.
INFO 2020-06-11 13:41:55,354 - Saved Portugal_1.5_None, 1 polygons.
INFO 2020-06-11 13:41:55,446 - Saved Puerto Rico_0.1_10, 4 polygons.
INFO 2020-06-11 13:41:55,545 - Saved Puerto Rico_1.5_None, 1 polygons.
INFO 2020-06-11 13:41:55,641 - Saved Qatar_0.1_10, 1 polygons.
INFO 2020-06-11 13:41:55,731 - Saved Qatar_1.5_None, 1 polygons.
INFO 2020-06-11 13:41:56,057 - Saved Republic of Artsakh_0.1_10, 2 polygons.
INFO 2020-06-11 13:41:56,291 - Saved Republic of Artsakh_1.5_None, 2 polygons.
INFO 2020-06-11 13:41:56,408 - Saved Republic of the Congo_0.1_10, 1 polygons.
INFO 2020-06-11 13:41:56,509 - Saved Republic of the Congo_1.5_None, 1 polygons.
INFO 2020-06-11 13:41:56,640 - Saved Romania_0.1_10, 1 polygons.
INFO 2020-06-11 13:41:56,746 - Saved Romania_1.5_None, 1 polygons.
INFO 2020-06-11 13:41:58,169 - Self-intersection at or near point 940.32050575849519 108.56580380210593
INFO 2020-06-11 13:41:58,308 - Saved Russia_0.1_10, 213 polygons.
INFO 2020-06-11 13:41:59,818 - Self-intersection at or near point 1539.1910723586304 108.73093571824219
INFO 2020-06-11 13:41:59,884 - Saved Russia_1.5_None, 45 polygons.
INFO 2020-06-11 13:42:00,053 - Saved Rwanda_0.1_10, 1 polygons.
INFO 2020-06-11 13:42:00,147 - Saved Rwanda_1.5_None, 1 polygons.
INFO 2020-06-11 13:42:00,598 - Saved Réunion_0.1_10, 6 polygons.
INFO 2020-06-11 13:42:00,988 - Saved Réunion_1.5_None, 0 polygons.
INFO 2020-06-11 13:42:01,142 - Saved Saba_0.1_10, 4 polygons.
INFO 2020-06-11 13:42:01,308 - Saved Saba_1.5_None, 1 polygons.
INFO 2020-06-11 13:42:01,634 - Saved Sahrawi Arab Democratic Republic_0.1_10, 4 polygons.
INFO 2020-06-11 13:42:01,901 - Saved Sahrawi Arab Democratic Republic_1.5_None, 3 polygons.
INFO 2020-06-11 13:42:01,989 - Saved Saint Barthélemy_0.1_10, 1 polygons.
INFO 2020-06-11 13:42:02,085 - Saved Saint Barthélemy_1.5_None, 0 polygons.
INFO 2020-06-11 13:42:02,176 - Saved Saint Helena_0.1_10, 4 polygons.
INFO 2020-06-11 13:42:02,263 - Saved Saint Helena_1.5_None, 0 polygons.
INFO 2020-06-11 13:42:02,343 - Saved Saint Kitts and Nevis_0.1_10, 2 polygons.
INFO 2020-06-11 13:42:02,432 - Saved Saint Kitts and Nevis_1.5_None, 0 polygons.
INFO 2020-06-11 13:42:02,544 - Saved Saint Lucia_0.1_10, 1 polygons.
INFO 2020-06-11 13:42:02,652 - Saved Saint Lucia_1.5_None, 0 polygons.
INFO 2020-06-11 13:42:02,733 - Saved Saint Martin_0.1_10, 1 polygons.
INFO 2020-06-11 13:42:02,818 - Saved Saint Martin_1.5_None, 0 polygons.
INFO 2020-06-11 13:42:02,900 - Saved Saint Pierre and Miquelon_0.1_10, 2 polygons.
INFO 2020-06-11 13:42:02,989 - Saved Saint Pierre and Miquelon_1.5_None, 0 polygons.
INFO 2020-06-11 13:42:03,074 - Saved Saint Vincent and the Grenadines_0.1_10, 5 polygons.
INFO 2020-06-11 13:42:03,177 - Saved Saint Vincent and the Grenadines_1.5_None, 0 polygons.
INFO 2020-06-11 13:42:03,347 - Saved Samoa_0.1_10, 2 polygons.
INFO 2020-06-11 13:42:03,464 - Saved Samoa_1.5_None, 0 polygons.
INFO 2020-06-11 13:42:03,560 - Saved San Marino_0.1_10, 1 polygons.
INFO 2020-06-11 13:42:03,689 - Saved San Marino_1.5_None, 0 polygons.
INFO 2020-06-11 13:42:09,250 - Saved Sardinia_0.1_10, 473 polygons.
INFO 2020-06-11 13:42:14,889 - Saved Sardinia_1.5_None, 1 polygons.
INFO 2020-06-11 13:42:15,034 - Saved Saudi Arabia_0.1_10, 11 polygons.
INFO 2020-06-11 13:42:15,180 - Saved Saudi Arabia_1.5_None, 1 polygons.
INFO 2020-06-11 13:42:15,267 - Saved Scandinavia_0.1_10, 1 polygons.
INFO 2020-06-11 13:42:15,366 - Saved Scandinavia_1.5_None, 0 polygons.
INFO 2020-06-11 13:42:15,446 - Saved Scarborough Reef_0.1_10, 1 polygons.
INFO 2020-06-11 13:42:15,530 - Saved Scarborough Reef_1.5_None, 0 polygons.
INFO 2020-06-11 13:42:16,311 - Saved Scotland_0.1_10, 5 polygons.
INFO 2020-06-11 13:42:17,061 - Saved Scotland_1.5_None, 4 polygons.
INFO 2020-06-11 13:42:17,182 - Saved Senegal_0.1_10, 1 polygons.
INFO 2020-06-11 13:42:17,283 - Saved Senegal_1.5_None, 1 polygons.
INFO 2020-06-11 13:42:17,384 - Saved Serbia_0.1_10, 1 polygons.
INFO 2020-06-11 13:42:17,485 - Saved Serbia_1.5_None, 1 polygons.
INFO 2020-06-11 13:42:17,685 - Saved Serranilla Bank_0.1_10, 1 polygons.
INFO 2020-06-11 13:42:17,915 - Saved Serranilla Bank_1.5_None, 0 polygons.
INFO 2020-06-11 13:42:18,023 - Saved Seychelles_0.1_10, 26 polygons.
INFO 2020-06-11 13:42:18,158 - Saved Seychelles_1.5_None, 0 polygons.
INFO 2020-06-11 13:42:18,385 - Saved Siachen Glacier_0.1_10, 1 polygons.
INFO 2020-06-11 13:42:18,488 - Saved Siachen Glacier_1.5_None, 1 polygons.
INFO 2020-06-11 13:42:22,530 - Self-intersection at or near point 826.80803839927364 223.9353083323663
INFO 2020-06-11 13:42:22,712 - Self-intersection at or near point 828.80258300401715 223.84033180797766
INFO 2020-06-11 13:42:22,822 - Saved Sicily_0.1_10, 225 polygons.
INFO 2020-06-11 13:42:26,742 - Saved Sicily_1.5_None, 1 polygons.
INFO 2020-06-11 13:42:26,844 - Saved Sierra Leone_0.1_10, 2 polygons.
INFO 2020-06-11 13:42:26,942 - Saved Sierra Leone_1.5_None, 1 polygons.
INFO 2020-06-11 13:42:27,026 - Saved Singapore_0.1_10, 1 polygons.
INFO 2020-06-11 13:42:27,120 - Saved Singapore_1.5_None, 0 polygons.
INFO 2020-06-11 13:42:27,200 - Saved Sint Eustatius_0.1_10, 1 polygons.
INFO 2020-06-11 13:42:27,287 - Saved Sint Eustatius_1.5_None, 0 polygons.
INFO 2020-06-11 13:42:27,403 - Saved Sint Maarten_0.1_10, 1 polygons.
INFO 2020-06-11 13:42:27,495 - Saved Sint Maarten_1.5_None, 0 polygons.
INFO 2020-06-11 13:42:27,589 - Saved Slovakia_0.1_10, 1 polygons.
INFO 2020-06-11 13:42:27,679 - Saved Slovakia_1.5_None, 1 polygons.
INFO 2020-06-11 13:42:27,773 - Saved Slovenia_0.1_10, 1 polygons.
INFO 2020-06-11 13:42:27,877 - Saved Slovenia_1.5_None, 1 polygons.
INFO 2020-06-11 13:42:28,122 - Saved Solomon Islands_0.1_10, 48 polygons.
INFO 2020-06-11 13:42:28,343 - Saved Solomon Islands_1.5_None, 5 polygons.
INFO 2020-06-11 13:42:28,475 - Saved Somalia_0.1_10, 1 polygons.
INFO 2020-06-11 13:42:28,587 - Saved Somalia_1.5_None, 1 polygons.
INFO 2020-06-11 13:42:28,735 - Saved Somaliland_0.1_10, 1 polygons.
INFO 2020-06-11 13:42:28,822 - Saved Somaliland_1.5_None, 1 polygons.
INFO 2020-06-11 13:42:28,952 - Saved South Africa_0.1_10, 3 polygons.
INFO 2020-06-11 13:42:29,073 - Saved South Africa_1.5_None, 1 polygons.
INFO 2020-06-11 13:42:29,178 - Saved South Georgia and the South Sandwich Islands_0.1_10, 12 polygons.
INFO 2020-06-11 13:42:29,289 - Saved South Georgia and the South Sandwich Islands_1.5_None, 1 polygons.
INFO 2020-06-11 13:42:29,476 - Saved South Korea_0.1_10, 53 polygons.
INFO 2020-06-11 13:42:29,707 - Saved South Korea_1.5_None, 1 polygons.
INFO 2020-06-11 13:42:29,830 - Saved South Ossetia_0.1_10, 1 polygons.
INFO 2020-06-11 13:42:30,001 - Saved South Ossetia_1.5_None, 1 polygons.
INFO 2020-06-11 13:42:30,224 - Saved South Sudan_0.1_10, 1 polygons.
INFO 2020-06-11 13:42:30,343 - Saved South Sudan_1.5_None, 1 polygons.
INFO 2020-06-11 13:42:30,508 - Saved Spain_0.1_10, 23 polygons.
INFO 2020-06-11 13:42:30,713 - Saved Spain_1.5_None, 4 polygons.
INFO 2020-06-11 13:42:30,826 - Saved Spratly Islands_0.1_10, 12 polygons.
INFO 2020-06-11 13:42:30,933 - Saved Spratly Islands_1.5_None, 0 polygons.
INFO 2020-06-11 13:42:31,040 - Saved Sri Lanka_0.1_10, 5 polygons.
INFO 2020-06-11 13:42:31,152 - Saved Sri Lanka_1.5_None, 1 polygons.
INFO 2020-06-11 13:42:31,267 - Saved Sudan_0.1_10, 2 polygons.
INFO 2020-06-11 13:42:31,419 - Saved Sudan_1.5_None, 1 polygons.
INFO 2020-06-11 13:42:31,529 - Saved Suriname_0.1_10, 1 polygons.
INFO 2020-06-11 13:42:31,628 - Saved Suriname_1.5_None, 1 polygons.
INFO 2020-06-11 13:42:31,841 - Saved Sweden_0.1_10, 41 polygons.
INFO 2020-06-11 13:42:32,111 - Saved Sweden_1.5_None, 3 polygons.
INFO 2020-06-11 13:42:32,310 - Saved Switzerland_0.1_10, 1 polygons.
INFO 2020-06-11 13:42:32,426 - Saved Switzerland_1.5_None, 1 polygons.
INFO 2020-06-11 13:42:32,530 - Saved Syria_0.1_10, 1 polygons.
INFO 2020-06-11 13:42:32,628 - Saved Syria_1.5_None, 1 polygons.
INFO 2020-06-11 13:42:32,731 - Saved São Tomé and Príncipe_0.1_10, 2 polygons.
INFO 2020-06-11 13:42:32,827 - Saved São Tomé and Príncipe_1.5_None, 0 polygons.
INFO 2020-06-11 13:42:32,969 - Saved Taiwan_0.1_10, 8 polygons.
INFO 2020-06-11 13:42:33,071 - Saved Taiwan_1.5_None, 1 polygons.
INFO 2020-06-11 13:42:33,189 - Saved Tajikistan_0.1_10, 3 polygons.
INFO 2020-06-11 13:42:33,306 - Saved Tajikistan_1.5_None, 1 polygons.
INFO 2020-06-11 13:42:33,443 - Saved Tanzania_0.1_10, 7 polygons.
INFO 2020-06-11 13:42:33,569 - Saved Tanzania_1.5_None, 1 polygons.
INFO 2020-06-11 13:42:33,751 - Saved Thailand_0.1_10, 20 polygons.
INFO 2020-06-11 13:42:33,935 - Saved Thailand_1.5_None, 1 polygons.
INFO 2020-06-11 13:42:34,067 - Self-intersection at or near point 445.86898677801463 278.35115870642244
INFO 2020-06-11 13:42:34,067 - Self-intersection at or near point 433.60278462333696 276.71848796934381
INFO 2020-06-11 13:42:34,079 - Saved The Bahamas_0.1_10, 42 polygons.
INFO 2020-06-11 13:42:34,397 - Saved The Bahamas_1.5_None, 1 polygons.
INFO 2020-06-11 13:42:34,506 - Saved The Gambia_0.1_10, 1 polygons.
INFO 2020-06-11 13:42:34,614 - Saved The Gambia_1.5_None, 1 polygons.
INFO 2020-06-11 13:42:34,705 - Saved Togo_0.1_10, 1 polygons.
INFO 2020-06-11 13:42:34,807 - Saved Togo_1.5_None, 1 polygons.
INFO 2020-06-11 13:42:34,909 - Saved Tokelau_0.1_10, 3 polygons.
INFO 2020-06-11 13:42:35,017 - Saved Tokelau_1.5_None, 0 polygons.
INFO 2020-06-11 13:42:35,105 - Saved Tonga_0.1_10, 10 polygons.
INFO 2020-06-11 13:42:35,209 - Saved Tonga_1.5_None, 0 polygons.
INFO 2020-06-11 13:42:35,385 - Saved Transnistria_0.1_10, 2 polygons.
INFO 2020-06-11 13:42:35,576 - Saved Transnistria_1.5_None, 1 polygons.
INFO 2020-06-11 13:42:35,673 - Saved Trinidad and Tobago_0.1_10, 2 polygons.
INFO 2020-06-11 13:42:35,768 - Saved Trinidad and Tobago_1.5_None, 1 polygons.
INFO 2020-06-11 13:42:35,887 - Saved Tristan da Cunha_0.1_10, 22 polygons.
INFO 2020-06-11 13:42:36,022 - Saved Tristan da Cunha_1.5_None, 0 polygons.
INFO 2020-06-11 13:42:36,121 - Saved Tunisia_0.1_10, 4 polygons.
INFO 2020-06-11 13:42:36,223 - Saved Tunisia_1.5_None, 1 polygons.
INFO 2020-06-11 13:42:36,464 - Saved Turkey_0.1_10, 6 polygons.
INFO 2020-06-11 13:42:36,699 - Saved Turkey_1.5_None, 2 polygons.
INFO 2020-06-11 13:42:36,843 - Saved Turkmenistan_0.1_10, 3 polygons.
INFO 2020-06-11 13:42:37,026 - Saved Turkmenistan_1.5_None, 1 polygons.
INFO 2020-06-11 13:42:37,139 - Saved Turks and Caicos Islands_0.1_10, 12 polygons.
INFO 2020-06-11 13:42:37,246 - Saved Turks and Caicos Islands_1.5_None, 0 polygons.
INFO 2020-06-11 13:42:37,329 - Saved Tuvalu_0.1_10, 9 polygons.
INFO 2020-06-11 13:42:37,431 - Saved Tuvalu_1.5_None, 0 polygons.
INFO 2020-06-11 13:42:37,527 - Saved Uganda_0.1_10, 1 polygons.
INFO 2020-06-11 13:42:37,625 - Saved Uganda_1.5_None, 1 polygons.
INFO 2020-06-11 13:42:37,793 - Saved Ukraine_0.1_10, 4 polygons.
INFO 2020-06-11 13:42:37,946 - Saved Ukraine_1.5_None, 1 polygons.
INFO 2020-06-11 13:42:38,061 - Saved United Arab Emirates_0.1_10, 10 polygons.
INFO 2020-06-11 13:42:38,210 - Saved United Arab Emirates_1.5_None, 1 polygons.
INFO 2020-06-11 13:42:38,499 - Saved United Kingdom_0.1_10, 57 polygons.
INFO 2020-06-11 13:42:38,947 - Saved United Kingdom_1.5_None, 5 polygons.
INFO 2020-06-11 13:42:39,044 - Saved United States Minor Outlying Islands_0.1_10, 13 polygons.
INFO 2020-06-11 13:42:39,187 - Saved United States Minor Outlying Islands_1.5_None, 0 polygons.
INFO 2020-06-11 13:42:40,001 - Self-intersection at or near point 445.56160123606281 227.0410035534797
INFO 2020-06-11 13:42:40,399 - Self-intersection at or near point 63.051602647657319 123.93469433878292
INFO 2020-06-11 13:42:40,466 - Saved United States of America_0.1_10, 346 polygons.
INFO 2020-06-11 13:42:41,930 - Saved United States of America_1.5_None, 19 polygons.
INFO 2020-06-11 13:42:42,048 - Saved United States Virgin Islands_0.1_10, 3 polygons.
INFO 2020-06-11 13:42:42,169 - Saved United States Virgin Islands_1.5_None, 0 polygons.
INFO 2020-06-11 13:42:42,262 - Saved Uruguay_0.1_10, 1 polygons.
INFO 2020-06-11 13:42:42,357 - Saved Uruguay_1.5_None, 1 polygons.
INFO 2020-06-11 13:42:42,447 - Saved US Naval Base Guantanamo Bay_0.1_10, 2 polygons.
INFO 2020-06-11 13:42:42,537 - Saved US Naval Base Guantanamo Bay_1.5_None, 0 polygons.
INFO 2020-06-11 13:42:42,661 - Saved Uzbekistan_0.1_10, 3 polygons.
INFO 2020-06-11 13:42:42,785 - Saved Uzbekistan_1.5_None, 1 polygons.
INFO 2020-06-11 13:42:42,905 - Saved Vanuatu_0.1_10, 27 polygons.
INFO 2020-06-11 13:42:43,052 - Saved Vanuatu_1.5_None, 2 polygons.
INFO 2020-06-11 13:42:43,230 - Saved Vatican City_0.1_10, 1 polygons.
INFO 2020-06-11 13:42:43,342 - Saved Vatican City_1.5_None, 0 polygons.
INFO 2020-06-11 13:42:43,575 - Saved Venezuela_0.1_10, 29 polygons.
INFO 2020-06-11 13:42:43,803 - Saved Venezuela_1.5_None, 1 polygons.
INFO 2020-06-11 13:42:44,006 - Saved Vietnam_0.1_10, 25 polygons.
INFO 2020-06-11 13:42:44,228 - Saved Vietnam_1.5_None, 1 polygons.
INFO 2020-06-11 13:42:45,738 - Saved Wales_0.1_10, 1 polygons.
INFO 2020-06-11 13:42:47,016 - Saved Wales_1.5_None, 1 polygons.
INFO 2020-06-11 13:42:47,105 - Saved Wallis and Futuna_0.1_10, 2 polygons.
INFO 2020-06-11 13:42:47,189 - Saved Wallis and Futuna_1.5_None, 0 polygons.
INFO 2020-06-11 13:42:47,276 - Saved Western Sahara_0.1_10, 1 polygons.
INFO 2020-06-11 13:42:47,364 - Saved Western Sahara_1.5_None, 1 polygons.
INFO 2020-06-11 13:42:47,466 - Saved Yemen_0.1_10, 9 polygons.
INFO 2020-06-11 13:42:47,582 - Saved Yemen_1.5_None, 2 polygons.
INFO 2020-06-11 13:42:47,702 - Saved Zambia_0.1_10, 1 polygons.
INFO 2020-06-11 13:42:47,867 - Saved Zambia_1.5_None, 1 polygons.
INFO 2020-06-11 13:42:48,212 - Saved Zanzibar_0.1_10, 34 polygons.
INFO 2020-06-11 13:42:48,536 - Saved Zanzibar_1.5_None, 0 polygons.
INFO 2020-06-11 13:42:48,636 - Saved Zimbabwe_0.1_10, 1 polygons.
INFO 2020-06-11 13:42:48,734 - Saved Zimbabwe_1.5_None, 1 polygons.
INFO 2020-06-11 13:42:48,834 - Saved Åland Islands_0.1_10, 16 polygons.
INFO 2020-06-11 13:42:48,961 - Saved Åland Islands_1.5_None, 0 polygons.
